<?xml version="1.0" encoding="UTF-8"?>
<!-- Generated by org.testng.reporters.JUnitReportReporter -->
<testsuite skipped="1" hostname="LAPTOP-DP827DG9" name="tng_suite.classC" tests="3" failures="0" timestamp="22 May 2025 04:51:06 GMT" time="0.007" errors="0">
  <testcase name="tc1" time="0.004" classname="tng_suite.classC"/>
  <testcase name="tc3" time="0.003" classname="tng_suite.classC"/>
  <testcase name="tc2" classname="tng_suite.classC">
    <skipped/>
  </testcase> <!-- tc2 -->
</testsuite> <!-- tng_suite.classC -->
