<?xml version="1.0" encoding="UTF-8"?>
<!-- Generated by org.testng.reporters.JUnitReportReporter -->
<testsuite skipped="0" hostname="LAPTOP-DP827DG9" name="tng_intro.classA" tests="2" failures="0" timestamp="22 May 2025 04:19:09 GMT" time="0.012" errors="0">
  <testcase name="tc1" time="0.008" classname="tng_intro.classA"/>
  <testcase name="tc1" time="0.004" classname="tng_intro.classA"/>
</testsuite> <!-- tng_intro.classA -->
