<?xml version="1.0" encoding="UTF-8"?>
<!-- Generated by org.testng.reporters.JUnitReportReporter -->
<testsuite skipped="0" hostname="LAPTOP-DP827DG9" name="tng_intro.enabled" tests="1" failures="0" timestamp="22 May 2025 04:30:28 GMT" time="0.010" errors="0">
  <testcase name="tc1" time="0.010" classname="tng_intro.enabled"/>
</testsuite> <!-- tng_intro.enabled -->
