<?xml version="1.0" encoding="UTF-8"?>
<!-- Generated by org.testng.reporters.JUnitReportReporter -->
<testsuite skipped="0" hostname="LAPTOP-DP827DG9" name="tng_parallel.tng" tests="1" failures="0" timestamp="22 May 2025 10:08:00 GMT" time="0.561" errors="0">
  <testcase name="tc1" time="0.561" classname="tng_parallel.tng"/>
</testsuite> <!-- tng_parallel.tng -->
