<?xml version="1.0" encoding="UTF-8"?>
<!-- Generated by org.testng.reporters.JUnitReportReporter -->
<testsuite skipped="0" hostname="LAPTOP-DP827DG9" name="tng_suite.classA" tests="3" failures="0" timestamp="22 May 2025 04:51:06 GMT" time="0.051" errors="0">
  <testcase name="tc3" time="0.022" classname="tng_suite.classA"/>
  <testcase name="tc2" time="0.027" classname="tng_suite.classA"/>
  <testcase name="tc1" time="0.002" classname="tng_suite.classA"/>
</testsuite> <!-- tng_suite.classA -->
