<?xml version="1.0" encoding="UTF-8"?>
<!-- Generated by org.testng.reporters.JUnitReportReporter -->
<testsuite skipped="0" hostname="LAPTOP-DP827DG9" name="tng_intro.invocationcls" tests="3" failures="0" timestamp="22 May 2025 04:22:26 GMT" time="0.017" errors="0">
  <testcase name="tc1" time="0.011" classname="tng_intro.invocationcls"/>
  <testcase name="tc2" time="0.003" classname="tng_intro.invocationcls"/>
  <testcase name="tc1" time="0.003" classname="tng_intro.invocationcls"/>
</testsuite> <!-- tng_intro.invocationcls -->
