<?xml version="1.0" encoding="UTF-8"?>
<!-- Generated by org.testng.reporters.JUnitReportReporter -->
<testsuite skipped="0" hostname="LAPTOP-DP827DG9" name="tng.classA" tests="1" failures="0" timestamp="21 May 2025 16:17:11 GMT" time="0.012" errors="0">
  <testcase name="tc1" time="0.012" classname="tng.classA"/>
</testsuite> <!-- tng.classA -->
