<?xml version="1.0" encoding="UTF-8"?>
<!-- Generated by org.testng.reporters.JUnitReportReporter -->
<testsuite skipped="0" hostname="LAPTOP-DP827DG9" name="tng_suite.classB" tests="4" failures="0" timestamp="22 May 2025 04:51:06 GMT" time="0.009" errors="0">
  <testcase name="tc3" time="0.005" classname="tng_suite.classB"/>
  <testcase name="tc1" time="0.002" classname="tng_suite.classB"/>
  <testcase name="tc2" time="0.001" classname="tng_suite.classB"/>
  <testcase name="tc2" time="0.001" classname="tng_suite.classB"/>
</testsuite> <!-- tng_suite.classB -->
