<?xml version="1.0" encoding="UTF-8"?>
<!-- Generated by org.testng.reporters.JUnitReportReporter -->
<testsuite skipped="0" hostname="LAPTOP-DP827DG9" name="tng_intro.priority" tests="4" failures="0" timestamp="22 May 2025 04:37:02 GMT" time="0.052" errors="0">
  <testcase name="tc1" time="0.009" classname="tng_intro.priority"/>
  <testcase name="tc2" time="0.012" classname="tng_intro.priority"/>
  <testcase name="tc3" time="0.007" classname="tng_intro.priority"/>
  <testcase name="tc4" time="0.024" classname="tng_intro.priority"/>
</testsuite> <!-- tng_intro.priority -->
